<?xml version="1.0" encoding="UTF-8" standalone="no"?><testsuite errors="1" failures="0" name="CP-04 - Sms Envio Unitario" skipped="0" tests="1" time="20.18" timestamp="2024-11-15 04:37:24"><testcase name="1 - Envio Unitario de SMS"><error message="Timed out after 2 seconds. Element not found&#10;For documentation on this error, please visit: https://www.selenium.dev/documentation/webdriver/troubleshooting/errors#no-such-element-exception&#10;Build info: version: '4.19.0', revision: '5f9cec8963'&#10;System info: os.name: 'Windows 10', os.arch: 'amd64', os.version: '10.0', java.version: '17.0.13'&#10;Driver info: driver.version: unknown" type="org.openqa.selenium.NoSuchElementException">Timed out after 2 seconds. Element not found
For documentation on this error, please visit: https://www.selenium.dev/documentation/webdriver/troubleshooting/errors#no-such-element-exception
Build info: version: '4.19.0', revision: '5f9cec8963'
System info: os.name: 'Windows 10', os.arch: 'amd64', os.version: '10.0', java.version: '17.0.13'
Driver info: driver.version: unknown</error><system-err>Timed out after 2 seconds. Element not found
For documentation on this error, please visit: https://www.selenium.dev/documentation/webdriver/troubleshooting/errors#no-such-element-exception
Build info: version: '4.19.0', revision: '5f9cec8963'
System info: os.name: 'Windows 10', os.arch: 'amd64', os.version: '10.0', java.version: '17.0.13'
Driver info: driver.version: unknown&#13;
com.tresit.cl.steps.sms.LoginSmsStep.typeUserName(LoginSmsStep.java:11)&#13;
com.tresit.cl.definitions.sms.LoginSmsDef.whenLoginWithValidCredentials(LoginSmsDef.java:33)&#13;
org.eclipse.jdt.internal.junit4.runner.JUnit4TestReference.run(JUnit4TestReference.java:93)&#13;
org.eclipse.jdt.internal.junit.runner.TestExecution.run(TestExecution.java:40)&#13;
org.eclipse.jdt.internal.junit.runner.RemoteTestRunner.runTests(RemoteTestRunner.java:530)&#13;
org.eclipse.jdt.internal.junit.runner.RemoteTestRunner.runTests(RemoteTestRunner.java:758)&#13;
org.eclipse.jdt.internal.junit.runner.RemoteTestRunner.run(RemoteTestRunner.java:453)&#13;
org.eclipse.jdt.internal.junit.runner.RemoteTestRunner.main(RemoteTestRunner.java:211)&#13;
</system-err></testcase></testsuite>