<?xml version="1.0" encoding="UTF-8" standalone="no"?><testsuite errors="3" failures="0" name="CP-02 - Validar carrito de compras" skipped="0" tests="3" time="0.43" timestamp="2024-11-15 04:36:14"><testcase name="1 - Listar los productos en el carrito de compras"><error message="Unresolved compilation problem: &#10;&#9;Syntax error on tokens, they can be merged to form ==&#10;" type="java.lang.Error">Unresolved compilation problem: 
	Syntax error on tokens, they can be merged to form ==
</error><system-err>Unresolved compilation problem: 
	Syntax error on tokens, they can be merged to form ==
&#13;
com.tresit.cl.pages.login.LoginPages.&lt;init&gt;(LoginPages.java:9)&#13;
com.tresit.cl.steps.login.LoginStep.&lt;init&gt;(LoginStep.java:7)&#13;
org.eclipse.jdt.internal.junit4.runner.JUnit4TestReference.run(JUnit4TestReference.java:93)&#13;
org.eclipse.jdt.internal.junit.runner.TestExecution.run(TestExecution.java:40)&#13;
org.eclipse.jdt.internal.junit.runner.RemoteTestRunner.runTests(RemoteTestRunner.java:530)&#13;
org.eclipse.jdt.internal.junit.runner.RemoteTestRunner.runTests(RemoteTestRunner.java:758)&#13;
org.eclipse.jdt.internal.junit.runner.RemoteTestRunner.run(RemoteTestRunner.java:453)&#13;
org.eclipse.jdt.internal.junit.runner.RemoteTestRunner.main(RemoteTestRunner.java:211)&#13;
</system-err></testcase><testcase name="2 - Cuando la cesta este vacia de productos, no procesar la compra"><error message="Unresolved compilation problem: &#10;&#9;Syntax error on tokens, they can be merged to form ==&#10;" type="java.lang.Error">Unresolved compilation problem: 
	Syntax error on tokens, they can be merged to form ==
</error><system-err>Unresolved compilation problem: 
	Syntax error on tokens, they can be merged to form ==
&#13;
com.tresit.cl.pages.login.LoginPages.&lt;init&gt;(LoginPages.java:9)&#13;
com.tresit.cl.steps.login.LoginStep.&lt;init&gt;(LoginStep.java:7)&#13;
org.eclipse.jdt.internal.junit4.runner.JUnit4TestReference.run(JUnit4TestReference.java:93)&#13;
org.eclipse.jdt.internal.junit.runner.TestExecution.run(TestExecution.java:40)&#13;
org.eclipse.jdt.internal.junit.runner.RemoteTestRunner.runTests(RemoteTestRunner.java:530)&#13;
org.eclipse.jdt.internal.junit.runner.RemoteTestRunner.runTests(RemoteTestRunner.java:758)&#13;
org.eclipse.jdt.internal.junit.runner.RemoteTestRunner.run(RemoteTestRunner.java:453)&#13;
org.eclipse.jdt.internal.junit.runner.RemoteTestRunner.main(RemoteTestRunner.java:211)&#13;
</system-err></testcase><testcase name="3 - Cuando se quiere procesar la compra, se mostrara un mensaje de compra exitosa"><error message="Unresolved compilation problem: &#10;&#9;Syntax error on tokens, they can be merged to form ==&#10;" type="java.lang.Error">Unresolved compilation problem: 
	Syntax error on tokens, they can be merged to form ==
</error><system-err>Unresolved compilation problem: 
	Syntax error on tokens, they can be merged to form ==
&#13;
com.tresit.cl.pages.login.LoginPages.&lt;init&gt;(LoginPages.java:9)&#13;
com.tresit.cl.steps.login.LoginStep.&lt;init&gt;(LoginStep.java:7)&#13;
org.eclipse.jdt.internal.junit4.runner.JUnit4TestReference.run(JUnit4TestReference.java:93)&#13;
org.eclipse.jdt.internal.junit.runner.TestExecution.run(TestExecution.java:40)&#13;
org.eclipse.jdt.internal.junit.runner.RemoteTestRunner.runTests(RemoteTestRunner.java:530)&#13;
org.eclipse.jdt.internal.junit.runner.RemoteTestRunner.runTests(RemoteTestRunner.java:758)&#13;
org.eclipse.jdt.internal.junit.runner.RemoteTestRunner.run(RemoteTestRunner.java:453)&#13;
org.eclipse.jdt.internal.junit.runner.RemoteTestRunner.main(RemoteTestRunner.java:211)&#13;
</system-err></testcase></testsuite>